<?xml version="1.0" encoding="UTF-8"?>
<testsuite name="br.com.inventorycontrol.ProductServiceTests" tests="2" skipped="0" failures="0" errors="0" timestamp="2024-06-18T03:12:53" hostname="USER" time="0.941">
  <properties/>
  <testcase name="whenFindAllThenReturnAnListOfProducts()" classname="br.com.inventorycontrol.ProductServiceTests" time="0.932"/>
  <testcase name="whenFindByIdThenReturnAnProductInstance()" classname="br.com.inventorycontrol.ProductServiceTests" time="0.007"/>
  <system-out><![CDATA[]]></system-out>
  <system-err><![CDATA[WARNING: A Java agent has been loaded dynamically (C:\Users\augus\.gradle\caches\modules-2\files-2.1\net.bytebuddy\byte-buddy-agent\1.14.16\4a451ee6484abac3a498df0f3b33ed00a6fced4d\byte-buddy-agent-1.14.16.jar)
WARNING: If a serviceability tool is in use, please run with -XX:+EnableDynamicAgentLoading to hide this warning
WARNING: If a serviceability tool is not in use, please run with -Djdk.instrument.traceUsage for more information
WARNING: Dynamic loading of agents will be disallowed by default in a future release
]]></system-err>
</testsuite>
